build/outputs/logs/manifest-merger-release-report.txt
-- Merging decision tree log ---
manifest
ADDED from wari-wari_online\wari-wari_online\AndroidManifest.xml:2:1-230:12
INJECTED from wari-wari_online\wari-wari_online\AndroidManifest.xml:2:1-230:12
INJECTED from wari-wari_online\wari-wari_online\AndroidManifest.xml:2:1-230:12
MERGED from [:poslib-commons-debug] AndroidManifest.xml:2:1-16:12
MERGED from [com.jakewharton.rxbinding2:rxbinding-design:2.1.1] AndroidManifest.xml:2:1-8:12
MERGED from [com.jakewharton.rxbinding2:rxbinding-kotlin:2.1.1] AndroidManifest.xml:2:1-8:12
MERGED from [com.jakewharton.rxbinding2:rxbinding:2.1.1] AndroidManifest.xml:2:1-8:12
MERGED from [io.reactivex.rxjava2:rxandroid:2.1.0] AndroidManifest.xml:15:1-20:12
MERGED from [com.android.support:multidex:1.0.3] AndroidManifest.xml:17:1-22:12
MERGED from [:cloudpossdk] AndroidManifest.xml:2:1-11:12
MERGED from [com.android.support.constraint:constraint-layout:1.0.2] AndroidManifest.xml:2:1-11:12
MERGED from [com.squareup.picasso:picasso:2.71828] AndroidManifest.xml:2:1-14:12
MERGED from [android.arch.lifecycle:extensions:1.1.1] AndroidManifest.xml:17:1-30:12
MERGED from [com.github.danielgindi:httprequest:1.2.0] AndroidManifest.xml:2:1-12:12
MERGED from [com.andrognito.pinlockview:pinlockview:2.1.0] AndroidManifest.xml:2:1-13:12
MERGED from [com.android.support:cardview-v7:27.1.1] AndroidManifest.xml:17:1-22:12
MERGED from [com.android.support:design:27.1.1] AndroidManifest.xml:17:1-22:12
MERGED from [com.android.support:recyclerview-v7:27.1.1] AndroidManifest.xml:17:1-22:12
MERGED from [android.arch.lifecycle:reactivestreams:1.1.1] AndroidManifest.xml:17:1-22:12
MERGED from [com.android.support:appcompat-v7:27.1.1] AndroidManifest.xml:17:1-22:12
MERGED from [com.github.bumptech.glide:glide:4.7.1] AndroidManifest.xml:2:1-13:12
MERGED from [com.android.support:support-fragment:27.1.1] AndroidManifest.xml:17:1-22:12
MERGED from [android.arch.lifecycle:viewmodel:1.1.1] AndroidManifest.xml:17:1-22:12
MERGED from [android.arch.lifecycle:livedata:1.1.1] AndroidManifest.xml:17:1-22:12
MERGED from [android.arch.persistence.room:runtime:1.1.1] AndroidManifest.xml:17:1-22:12
MERGED from [:payviceconnect] AndroidManifest.xml:2:1-23:12
MERGED from [:poslib-host] AndroidManifest.xml:2:1-16:12
MERGED from [:poslib-device-debug] AndroidManifest.xml:2:1-18:12
MERGED from [com.android.support:animated-vector-drawable:27.1.1] AndroidManifest.xml:17:1-22:12
MERGED from [com.android.support:support-vector-drawable:27.1.1] AndroidManifest.xml:17:1-22:12
MERGED from [com.android.support:support-core-ui:27.1.1] AndroidManifest.xml:17:1-22:12
MERGED from [com.android.support:transition:27.1.1] AndroidManifest.xml:17:1-22:12
MERGED from [com.android.support:support-core-utils:27.1.1] AndroidManifest.xml:17:1-22:12
MERGED from [com.android.support:support-compat:27.1.1] AndroidManifest.xml:17:1-22:12
MERGED from [android.arch.lifecycle:runtime:1.1.1] AndroidManifest.xml:17:1-22:12
MERGED from [android.arch.lifecycle:livedata-core:1.1.1] AndroidManifest.xml:17:1-22:12
MERGED from [android.arch.core:runtime:1.1.1] AndroidManifest.xml:17:1-22:12
MERGED from [com.android.support:exifinterface:27.1.0] AndroidManifest.xml:17:1-22:12
MERGED from [com.github.bumptech.glide:gifdecoder:4.7.1] AndroidManifest.xml:2:1-11:12
MERGED from [android.arch.persistence:db-framework:1.1.1] AndroidManifest.xml:17:1-22:12
MERGED from [android.arch.persistence:db:1.1.1] AndroidManifest.xml:17:1-22:12
INJECTED from wari-wari_online\wari-wari_online\AndroidManifest.xml:2:1-230:12
INJECTED from wari-wari_online\wari-wari_online\AndroidManifest.xml:2:1-230:12
	package
		ADDED from wari-wari_online\wari-wari_online\AndroidManifest.xml:3:5-37
	android:versionName
		ADDED from wari-wari_online\wari-wari_online\AndroidManifest.xml:5:5-30
		INJECTED from wari-wari_online\wari-wari_online\AndroidManifest.xml
		INJECTED from wari-wari_online\wari-wari_online\AndroidManifest.xml
	xmlns:android
		ADDED from wari-wari_online\wari-wari_online\AndroidManifest.xml:2:11-69
	android:versionCode
		ADDED from wari-wari_online\wari-wari_online\AndroidManifest.xml:4:5-28
		INJECTED from wari-wari_online\wari-wari_online\AndroidManifest.xml
		INJECTED from wari-wari_online\wari-wari_online\AndroidManifest.xml
uses-sdk
ADDED from wari-wari_online\wari-wari_online\AndroidManifest.xml:7:5-9:41
INJECTED from wari-wari_online\wari-wari_online\AndroidManifest.xml:7:5-9:41
INJECTED from wari-wari_online\wari-wari_online\AndroidManifest.xml:7:5-9:41
MERGED from [:poslib-commons-debug] AndroidManifest.xml:7:5-9:41
MERGED from [:poslib-commons-debug] AndroidManifest.xml:7:5-9:41
MERGED from [com.jakewharton.rxbinding2:rxbinding-design:2.1.1] AndroidManifest.xml:6:5-44
MERGED from [com.jakewharton.rxbinding2:rxbinding-design:2.1.1] AndroidManifest.xml:6:5-44
MERGED from [com.jakewharton.rxbinding2:rxbinding-kotlin:2.1.1] AndroidManifest.xml:6:5-44
MERGED from [com.jakewharton.rxbinding2:rxbinding-kotlin:2.1.1] AndroidManifest.xml:6:5-44
MERGED from [com.jakewharton.rxbinding2:rxbinding:2.1.1] AndroidManifest.xml:6:5-44
MERGED from [com.jakewharton.rxbinding2:rxbinding:2.1.1] AndroidManifest.xml:6:5-44
MERGED from [io.reactivex.rxjava2:rxandroid:2.1.0] AndroidManifest.xml:18:5-43
MERGED from [io.reactivex.rxjava2:rxandroid:2.1.0] AndroidManifest.xml:18:5-43
MERGED from [com.android.support:multidex:1.0.3] AndroidManifest.xml:20:5-43
MERGED from [com.android.support:multidex:1.0.3] AndroidManifest.xml:20:5-43
MERGED from [:cloudpossdk] AndroidManifest.xml:7:5-9:41
MERGED from [:cloudpossdk] AndroidManifest.xml:7:5-9:41
MERGED from [com.android.support.constraint:constraint-layout:1.0.2] AndroidManifest.xml:5:5-7:41
MERGED from [com.android.support.constraint:constraint-layout:1.0.2] AndroidManifest.xml:5:5-7:41
MERGED from [com.squareup.picasso:picasso:2.71828] AndroidManifest.xml:5:5-44
MERGED from [com.squareup.picasso:picasso:2.71828] AndroidManifest.xml:5:5-44
MERGED from [android.arch.lifecycle:extensions:1.1.1] AndroidManifest.xml:20:5-44
MERGED from [android.arch.lifecycle:extensions:1.1.1] AndroidManifest.xml:20:5-44
MERGED from [com.github.danielgindi:httprequest:1.2.0] AndroidManifest.xml:6:5-8:41
MERGED from [com.github.danielgindi:httprequest:1.2.0] AndroidManifest.xml:6:5-8:41
MERGED from [com.andrognito.pinlockview:pinlockview:2.1.0] AndroidManifest.xml:7:5-9:41
MERGED from [com.andrognito.pinlockview:pinlockview:2.1.0] AndroidManifest.xml:7:5-9:41
MERGED from [com.android.support:cardview-v7:27.1.1] AndroidManifest.xml:20:5-44
MERGED from [com.android.support:cardview-v7:27.1.1] AndroidManifest.xml:20:5-44
MERGED from [com.android.support:design:27.1.1] AndroidManifest.xml:20:5-44
MERGED from [com.android.support:design:27.1.1] AndroidManifest.xml:20:5-44
MERGED from [com.android.support:recyclerview-v7:27.1.1] AndroidManifest.xml:20:5-44
MERGED from [com.android.support:recyclerview-v7:27.1.1] AndroidManifest.xml:20:5-44
MERGED from [android.arch.lifecycle:reactivestreams:1.1.1] AndroidManifest.xml:20:5-44
MERGED from [android.arch.lifecycle:reactivestreams:1.1.1] AndroidManifest.xml:20:5-44
MERGED from [com.android.support:appcompat-v7:27.1.1] AndroidManifest.xml:20:5-44
MERGED from [com.android.support:appcompat-v7:27.1.1] AndroidManifest.xml:20:5-44
MERGED from [com.github.bumptech.glide:glide:4.7.1] AndroidManifest.xml:7:5-9:41
MERGED from [com.github.bumptech.glide:glide:4.7.1] AndroidManifest.xml:7:5-9:41
MERGED from [com.android.support:support-fragment:27.1.1] AndroidManifest.xml:20:5-44
MERGED from [com.android.support:support-fragment:27.1.1] AndroidManifest.xml:20:5-44
MERGED from [android.arch.lifecycle:viewmodel:1.1.1] AndroidManifest.xml:20:5-44
MERGED from [android.arch.lifecycle:viewmodel:1.1.1] AndroidManifest.xml:20:5-44
MERGED from [android.arch.lifecycle:livedata:1.1.1] AndroidManifest.xml:20:5-44
MERGED from [android.arch.lifecycle:livedata:1.1.1] AndroidManifest.xml:20:5-44
MERGED from [android.arch.persistence.room:runtime:1.1.1] AndroidManifest.xml:20:5-44
MERGED from [android.arch.persistence.room:runtime:1.1.1] AndroidManifest.xml:20:5-44
MERGED from [:payviceconnect] AndroidManifest.xml:7:5-9:41
MERGED from [:payviceconnect] AndroidManifest.xml:7:5-9:41
MERGED from [:poslib-host] AndroidManifest.xml:7:5-9:41
MERGED from [:poslib-host] AndroidManifest.xml:7:5-9:41
MERGED from [:poslib-device-debug] AndroidManifest.xml:7:5-9:41
MERGED from [:poslib-device-debug] AndroidManifest.xml:7:5-9:41
MERGED from [com.android.support:animated-vector-drawable:27.1.1] AndroidManifest.xml:20:5-44
MERGED from [com.android.support:animated-vector-drawable:27.1.1] AndroidManifest.xml:20:5-44
MERGED from [com.android.support:support-vector-drawable:27.1.1] AndroidManifest.xml:20:5-44
MERGED from [com.android.support:support-vector-drawable:27.1.1] AndroidManifest.xml:20:5-44
MERGED from [com.android.support:support-core-ui:27.1.1] AndroidManifest.xml:20:5-44
MERGED from [com.android.support:support-core-ui:27.1.1] AndroidManifest.xml:20:5-44
MERGED from [com.android.support:transition:27.1.1] AndroidManifest.xml:20:5-44
MERGED from [com.android.support:transition:27.1.1] AndroidManifest.xml:20:5-44
MERGED from [com.android.support:support-core-utils:27.1.1] AndroidManifest.xml:20:5-44
MERGED from [com.android.support:support-core-utils:27.1.1] AndroidManifest.xml:20:5-44
MERGED from [com.android.support:support-compat:27.1.1] AndroidManifest.xml:20:5-44
MERGED from [com.android.support:support-compat:27.1.1] AndroidManifest.xml:20:5-44
MERGED from [android.arch.lifecycle:runtime:1.1.1] AndroidManifest.xml:20:5-44
MERGED from [android.arch.lifecycle:runtime:1.1.1] AndroidManifest.xml:20:5-44
MERGED from [android.arch.lifecycle:livedata-core:1.1.1] AndroidManifest.xml:20:5-44
MERGED from [android.arch.lifecycle:livedata-core:1.1.1] AndroidManifest.xml:20:5-44
MERGED from [android.arch.core:runtime:1.1.1] AndroidManifest.xml:20:5-44
MERGED from [android.arch.core:runtime:1.1.1] AndroidManifest.xml:20:5-44
MERGED from [com.android.support:exifinterface:27.1.0] AndroidManifest.xml:20:5-44
MERGED from [com.android.support:exifinterface:27.1.0] AndroidManifest.xml:20:5-44
MERGED from [com.github.bumptech.glide:gifdecoder:4.7.1] AndroidManifest.xml:5:5-7:41
MERGED from [com.github.bumptech.glide:gifdecoder:4.7.1] AndroidManifest.xml:5:5-7:41
MERGED from [android.arch.persistence:db-framework:1.1.1] AndroidManifest.xml:20:5-44
MERGED from [android.arch.persistence:db-framework:1.1.1] AndroidManifest.xml:20:5-44
MERGED from [android.arch.persistence:db:1.1.1] AndroidManifest.xml:20:5-44
MERGED from [android.arch.persistence:db:1.1.1] AndroidManifest.xml:20:5-44
INJECTED from wari-wari_online\wari-wari_online\AndroidManifest.xml:7:5-9:41
INJECTED from wari-wari_online\wari-wari_online\AndroidManifest.xml:7:5-9:41
	android:targetSdkVersion
		ADDED from wari-wari_online\wari-wari_online\AndroidManifest.xml:9:9-38
		INJECTED from wari-wari_online\wari-wari_online\AndroidManifest.xml
		INJECTED from wari-wari_online\wari-wari_online\AndroidManifest.xml
	android:minSdkVersion
		ADDED from wari-wari_online\wari-wari_online\AndroidManifest.xml:8:9-35
		INJECTED from wari-wari_online\wari-wari_online\AndroidManifest.xml
		INJECTED from wari-wari_online\wari-wari_online\AndroidManifest.xml
uses-permission#android.permission.INTERNET
ADDED from wari-wari_online\wari-wari_online\AndroidManifest.xml:11:5-67
MERGED from [:poslib-commons-debug] AndroidManifest.xml:11:5-67
MERGED from [:poslib-commons-debug] AndroidManifest.xml:11:5-67
MERGED from [:poslib-host] AndroidManifest.xml:11:5-67
MERGED from [:poslib-host] AndroidManifest.xml:11:5-67
	android:name
		ADDED from wari-wari_online\wari-wari_online\AndroidManifest.xml:11:22-64
uses-permission#android.permission.CLOUDPOS_MSR
ADDED from wari-wari_online\wari-wari_online\AndroidManifest.xml:12:5-71
	android:name
		ADDED from wari-wari_online\wari-wari_online\AndroidManifest.xml:12:22-68
uses-permission#android.permission.CLOUDPOS_PRINTER
ADDED from wari-wari_online\wari-wari_online\AndroidManifest.xml:13:5-75
	android:name
		ADDED from wari-wari_online\wari-wari_online\AndroidManifest.xml:13:22-72
uses-permission#android.permission.CLOUDPOS_SMARTCARD
ADDED from wari-wari_online\wari-wari_online\AndroidManifest.xml:14:5-77
	android:name
		ADDED from wari-wari_online\wari-wari_online\AndroidManifest.xml:14:22-74
uses-permission#android.permission.CLOUDPOS_CONTACTLESS_CARD
ADDED from wari-wari_online\wari-wari_online\AndroidManifest.xml:15:5-84
	android:name
		ADDED from wari-wari_online\wari-wari_online\AndroidManifest.xml:15:22-81
uses-permission#android.permission.CLOUDPOS_PIN_GET_PIN_BLOCK
ADDED from wari-wari_online\wari-wari_online\AndroidManifest.xml:16:5-85
	android:name
		ADDED from wari-wari_online\wari-wari_online\AndroidManifest.xml:16:22-82
uses-permission#android.permission.CLOUDPOS_PIN_MAC
ADDED from wari-wari_online\wari-wari_online\AndroidManifest.xml:17:5-75
	android:name
		ADDED from wari-wari_online\wari-wari_online\AndroidManifest.xml:17:22-72
uses-permission#android.permission.CLOUDPOS_PIN_ENCRYPT_DATA
ADDED from wari-wari_online\wari-wari_online\AndroidManifest.xml:18:5-84
	android:name
		ADDED from wari-wari_online\wari-wari_online\AndroidManifest.xml:18:22-81
uses-permission#android.permission.CLOUDPOS_PIN_UPDATE_MASTER_KEY
ADDED from wari-wari_online\wari-wari_online\AndroidManifest.xml:19:5-89
	android:name
		ADDED from wari-wari_online\wari-wari_online\AndroidManifest.xml:19:22-86
uses-permission#android.permission.CLOUDPOS_PIN_UPDATE_USER_KEY
ADDED from wari-wari_online\wari-wari_online\AndroidManifest.xml:20:5-87
	android:name
		ADDED from wari-wari_online\wari-wari_online\AndroidManifest.xml:20:22-84
uses-permission#android.permission.CLOUDPOS_LED
ADDED from wari-wari_online\wari-wari_online\AndroidManifest.xml:21:5-71
	android:name
		ADDED from wari-wari_online\wari-wari_online\AndroidManifest.xml:21:22-68
uses-permission#android.permission.CLOUDPOS_SAFE_MODULE
ADDED from wari-wari_online\wari-wari_online\AndroidManifest.xml:22:5-79
	android:name
		ADDED from wari-wari_online\wari-wari_online\AndroidManifest.xml:22:22-76
uses-permission#android.permission.CLOUDPOS_HIDE_STATUS_BAR
ADDED from wari-wari_online\wari-wari_online\AndroidManifest.xml:23:5-83
	android:name
		ADDED from wari-wari_online\wari-wari_online\AndroidManifest.xml:23:22-80
uses-permission#android.permission.WIZARPOS_PIN_LOAD_KEY
ADDED from wari-wari_online\wari-wari_online\AndroidManifest.xml:24:5-80
	android:name
		ADDED from wari-wari_online\wari-wari_online\AndroidManifest.xml:24:22-77
uses-permission#android.permission.WRITE_EXTERNAL_STORAGE
ADDED from wari-wari_online\wari-wari_online\AndroidManifest.xml:25:5-81
	android:name
		ADDED from wari-wari_online\wari-wari_online\AndroidManifest.xml:25:22-78
application
ADDED from wari-wari_online\wari-wari_online\AndroidManifest.xml:27:5-228:19
MERGED from [com.android.support.constraint:constraint-layout:1.0.2] AndroidManifest.xml:9:5-20
MERGED from [com.android.support.constraint:constraint-layout:1.0.2] AndroidManifest.xml:9:5-20
MERGED from [com.squareup.picasso:picasso:2.71828] AndroidManifest.xml:7:5-12:19
MERGED from [com.squareup.picasso:picasso:2.71828] AndroidManifest.xml:7:5-12:19
MERGED from [android.arch.lifecycle:extensions:1.1.1] AndroidManifest.xml:22:5-28:19
MERGED from [android.arch.lifecycle:extensions:1.1.1] AndroidManifest.xml:22:5-28:19
MERGED from [com.github.danielgindi:httprequest:1.2.0] AndroidManifest.xml:10:5-20
MERGED from [com.github.danielgindi:httprequest:1.2.0] AndroidManifest.xml:10:5-20
MERGED from [com.andrognito.pinlockview:pinlockview:2.1.0] AndroidManifest.xml:11:5-53
MERGED from [com.andrognito.pinlockview:pinlockview:2.1.0] AndroidManifest.xml:11:5-53
MERGED from [com.github.bumptech.glide:glide:4.7.1] AndroidManifest.xml:11:5-20
MERGED from [com.github.bumptech.glide:glide:4.7.1] AndroidManifest.xml:11:5-20
MERGED from [:payviceconnect] AndroidManifest.xml:16:5-21:19
MERGED from [:payviceconnect] AndroidManifest.xml:16:5-21:19
MERGED from [com.github.bumptech.glide:gifdecoder:4.7.1] AndroidManifest.xml:9:5-20
MERGED from [com.github.bumptech.glide:gifdecoder:4.7.1] AndroidManifest.xml:9:5-20
	android:label
		ADDED from wari-wari_online\wari-wari_online\AndroidManifest.xml:30:9-41
	android:icon
		ADDED from wari-wari_online\wari-wari_online\AndroidManifest.xml:29:9-38
	android:theme
		ADDED from wari-wari_online\wari-wari_online\AndroidManifest.xml:31:9-40
	android:name
		ADDED from wari-wari_online\wari-wari_online\AndroidManifest.xml:28:9-32
activity#com.wizarpos.emvsample.payments_menu.CashBActivity
ADDED from wari-wari_online\wari-wari_online\AndroidManifest.xml:32:9-74
	android:name
		ADDED from wari-wari_online\wari-wari_online\AndroidManifest.xml:32:19-62
activity#com.wizarpos.emvsample.AllVasActivity
ADDED from wari-wari_online\wari-wari_online\AndroidManifest.xml:33:9-35:52
	android:screenOrientation
		ADDED from wari-wari_online\wari-wari_online\AndroidManifest.xml:35:13-49
	android:name
		ADDED from wari-wari_online\wari-wari_online\AndroidManifest.xml:34:13-43
activity#com.wizarpos.emvsample.services.cable_tv.multichoice.activities.MtChoiceActivity
ADDED from wari-wari_online\wari-wari_online\AndroidManifest.xml:36:9-95
	android:name
		ADDED from wari-wari_online\wari-wari_online\AndroidManifest.xml:36:19-92
activity#com.wizarpos.emvsample.payments_menu.TransactionProcessActivity
ADDED from wari-wari_online\wari-wari_online\AndroidManifest.xml:37:9-78
	android:name
		ADDED from wari-wari_online\wari-wari_online\AndroidManifest.xml:37:19-75
activity#com.wizarpos.emvsample.services.cable_tv.CableTvActivity
ADDED from wari-wari_online\wari-wari_online\AndroidManifest.xml:39:9-71
	android:name
		ADDED from wari-wari_online\wari-wari_online\AndroidManifest.xml:39:19-68
activity#com.wizarpos.emvsample.services.discos.activities.ElectricityPaymentActivity
ADDED from wari-wari_online\wari-wari_online\AndroidManifest.xml:40:9-91
	android:name
		ADDED from wari-wari_online\wari-wari_online\AndroidManifest.xml:40:19-88
activity#com.wizarpos.emvsample.services.discos.activities.DiscosActivity
ADDED from wari-wari_online\wari-wari_online\AndroidManifest.xml:41:9-79
	android:name
		ADDED from wari-wari_online\wari-wari_online\AndroidManifest.xml:41:19-76
activity#com.iisysgroup.payvice.startimes.activites.StartimesActivity
ADDED from wari-wari_online\wari-wari_online\AndroidManifest.xml:42:9-97
	android:name
		ADDED from wari-wari_online\wari-wari_online\AndroidManifest.xml:42:19-94
activity#com.wizarpos.emvsample.services.helper.activity.BaseActivity
ADDED from wari-wari_online\wari-wari_online\AndroidManifest.xml:43:9-75
	android:name
		ADDED from wari-wari_online\wari-wari_online\AndroidManifest.xml:43:19-72
activity#com.wizarpos.emvsample.services.discos.activities.MeterValidationActivity
ADDED from wari-wari_online\wari-wari_online\AndroidManifest.xml:46:9-88
	android:name
		ADDED from wari-wari_online\wari-wari_online\AndroidManifest.xml:46:19-85
activity#com.wizarpos.emvsample.payments_menu.CashBack
ADDED from wari-wari_online\wari-wari_online\AndroidManifest.xml:47:9-49:52
	android:screenOrientation
		ADDED from wari-wari_online\wari-wari_online\AndroidManifest.xml:49:13-49
	android:name
		ADDED from wari-wari_online\wari-wari_online\AndroidManifest.xml:48:13-51
activity#com.wizarpos.emvsample.activity.IdleActivity
ADDED from wari-wari_online\wari-wari_online\AndroidManifest.xml:50:9-59:20
	android:screenOrientation
		ADDED from wari-wari_online\wari-wari_online\AndroidManifest.xml:52:13-49
	android:theme
		ADDED from wari-wari_online\wari-wari_online\AndroidManifest.xml:53:13-44
	android:name
		ADDED from wari-wari_online\wari-wari_online\AndroidManifest.xml:51:13-50
intent-filter#action:name:android.intent.action.MAIN+category:name:android.intent.category.LAUNCHER
ADDED from wari-wari_online\wari-wari_online\AndroidManifest.xml:54:13-58:29
action#android.intent.action.MAIN
ADDED from wari-wari_online\wari-wari_online\AndroidManifest.xml:55:17-69
	android:name
		ADDED from wari-wari_online\wari-wari_online\AndroidManifest.xml:55:25-66
category#android.intent.category.LAUNCHER
ADDED from wari-wari_online\wari-wari_online\AndroidManifest.xml:57:17-77
	android:name
		ADDED from wari-wari_online\wari-wari_online\AndroidManifest.xml:57:27-74
activity#com.wizarpos.emvsample.activity.FuncMenuActivity
ADDED from wari-wari_online\wari-wari_online\AndroidManifest.xml:68:9-70:52
	android:screenOrientation
		ADDED from wari-wari_online\wari-wari_online\AndroidManifest.xml:70:13-49
	android:name
		ADDED from wari-wari_online\wari-wari_online\AndroidManifest.xml:69:13-54
activity#com.wizarpos.emvsample.history_summary.EODActivity
ADDED from wari-wari_online\wari-wari_online\AndroidManifest.xml:72:9-74:47
	android:launchMode
		ADDED from wari-wari_online\wari-wari_online\AndroidManifest.xml:74:13-44
	android:name
		ADDED from wari-wari_online\wari-wari_online\AndroidManifest.xml:73:13-56
activity#com.wizarpos.emvsample.payments_menu.transfer.TransferBankSelection
ADDED from wari-wari_online\wari-wari_online\AndroidManifest.xml:79:9-81:52
	android:screenOrientation
		ADDED from wari-wari_online\wari-wari_online\AndroidManifest.xml:81:13-49
	android:name
		ADDED from wari-wari_online\wari-wari_online\AndroidManifest.xml:80:13-73
activity#com.wizarpos.emvsample.payments_menu.transfer.TransferAmountEntry
ADDED from wari-wari_online\wari-wari_online\AndroidManifest.xml:82:9-84:52
	android:screenOrientation
		ADDED from wari-wari_online\wari-wari_online\AndroidManifest.xml:84:13-49
	android:name
		ADDED from wari-wari_online\wari-wari_online\AndroidManifest.xml:83:13-71
activity#com.wizarpos.emvsample.VasPurchaseProcessor
ADDED from wari-wari_online\wari-wari_online\AndroidManifest.xml:85:9-87:52
	android:screenOrientation
		ADDED from wari-wari_online\wari-wari_online\AndroidManifest.xml:87:13-49
	android:name
		ADDED from wari-wari_online\wari-wari_online\AndroidManifest.xml:86:13-49
activity#com.wizarpos.emvsample.activity.FuncActivity
ADDED from wari-wari_online\wari-wari_online\AndroidManifest.xml:88:9-90:52
	android:screenOrientation
		ADDED from wari-wari_online\wari-wari_online\AndroidManifest.xml:90:13-49
	android:name
		ADDED from wari-wari_online\wari-wari_online\AndroidManifest.xml:89:13-50
activity#com.wizarpos.emvsample.activity.AirtimeVasActivity
ADDED from wari-wari_online\wari-wari_online\AndroidManifest.xml:91:9-93:52
	android:screenOrientation
		ADDED from wari-wari_online\wari-wari_online\AndroidManifest.xml:93:13-49
	android:name
		ADDED from wari-wari_online\wari-wari_online\AndroidManifest.xml:92:13-56
activity#com.wizarpos.emvsample.activity.DataActivity
ADDED from wari-wari_online\wari-wari_online\AndroidManifest.xml:94:9-96:52
	android:screenOrientation
		ADDED from wari-wari_online\wari-wari_online\AndroidManifest.xml:96:13-49
	android:name
		ADDED from wari-wari_online\wari-wari_online\AndroidManifest.xml:95:13-50
activity#com.wizarpos.emvsample.activity.DataPhoneEntry
ADDED from wari-wari_online\wari-wari_online\AndroidManifest.xml:97:9-99:52
	android:screenOrientation
		ADDED from wari-wari_online\wari-wari_online\AndroidManifest.xml:99:13-49
	android:name
		ADDED from wari-wari_online\wari-wari_online\AndroidManifest.xml:98:13-52
activity#com.wizarpos.emvsample.activity.AllData
ADDED from wari-wari_online\wari-wari_online\AndroidManifest.xml:100:9-102:52
	android:screenOrientation
		ADDED from wari-wari_online\wari-wari_online\AndroidManifest.xml:102:13-49
	android:name
		ADDED from wari-wari_online\wari-wari_online\AndroidManifest.xml:101:13-45
activity#com.wizarpos.emvsample.activity.AirtimeDataActivity
ADDED from wari-wari_online\wari-wari_online\AndroidManifest.xml:103:9-105:52
	android:screenOrientation
		ADDED from wari-wari_online\wari-wari_online\AndroidManifest.xml:105:13-49
	android:name
		ADDED from wari-wari_online\wari-wari_online\AndroidManifest.xml:104:13-57
activity#com.wizarpos.emvsample.activity.MainActivity
ADDED from wari-wari_online\wari-wari_online\AndroidManifest.xml:106:9-59
	android:name
		ADDED from wari-wari_online\wari-wari_online\AndroidManifest.xml:106:19-56
activity#com.wizarpos.emvsample.activity.RequestCardActivity
ADDED from wari-wari_online\wari-wari_online\AndroidManifest.xml:128:9-130:52
	android:screenOrientation
		ADDED from wari-wari_online\wari-wari_online\AndroidManifest.xml:130:13-49
	android:name
		ADDED from wari-wari_online\wari-wari_online\AndroidManifest.xml:129:13-57
activity#com.wizarpos.emvsample.activity.login.LoginActivity
ADDED from wari-wari_online\wari-wari_online\AndroidManifest.xml:131:9-133:52
	android:screenOrientation
		ADDED from wari-wari_online\wari-wari_online\AndroidManifest.xml:133:13-49
	android:name
		ADDED from wari-wari_online\wari-wari_online\AndroidManifest.xml:132:13-57
activity#com.wizarpos.emvsample.activity.RemoveCardActivity
ADDED from wari-wari_online\wari-wari_online\AndroidManifest.xml:134:9-136:52
	android:screenOrientation
		ADDED from wari-wari_online\wari-wari_online\AndroidManifest.xml:136:13-49
	android:name
		ADDED from wari-wari_online\wari-wari_online\AndroidManifest.xml:135:13-56
activity#com.wizarpos.emvsample.activity.ConfirmBypassPinActivity
ADDED from wari-wari_online\wari-wari_online\AndroidManifest.xml:137:9-139:52
	android:screenOrientation
		ADDED from wari-wari_online\wari-wari_online\AndroidManifest.xml:139:13-49
	android:name
		ADDED from wari-wari_online\wari-wari_online\AndroidManifest.xml:138:13-62
activity#com.wizarpos.emvsample.activity.ConfirmCardActivity
ADDED from wari-wari_online\wari-wari_online\AndroidManifest.xml:140:9-142:52
	android:screenOrientation
		ADDED from wari-wari_online\wari-wari_online\AndroidManifest.xml:142:13-49
	android:name
		ADDED from wari-wari_online\wari-wari_online\AndroidManifest.xml:141:13-57
activity#com.wizarpos.emvsample.activity.DataClearActivity
ADDED from wari-wari_online\wari-wari_online\AndroidManifest.xml:147:9-149:52
	android:screenOrientation
		ADDED from wari-wari_online\wari-wari_online\AndroidManifest.xml:149:13-49
	android:name
		ADDED from wari-wari_online\wari-wari_online\AndroidManifest.xml:148:13-55
activity#com.wizarpos.emvsample.activity.EnquireTransActivity
ADDED from wari-wari_online\wari-wari_online\AndroidManifest.xml:150:9-152:52
	android:screenOrientation
		ADDED from wari-wari_online\wari-wari_online\AndroidManifest.xml:152:13-49
	android:name
		ADDED from wari-wari_online\wari-wari_online\AndroidManifest.xml:151:13-58
activity#com.wizarpos.emvsample.activity.ErrorActivity
ADDED from wari-wari_online\wari-wari_online\AndroidManifest.xml:153:9-155:52
	android:screenOrientation
		ADDED from wari-wari_online\wari-wari_online\AndroidManifest.xml:155:13-49
	android:name
		ADDED from wari-wari_online\wari-wari_online\AndroidManifest.xml:154:13-51
activity#com.wizarpos.emvsample.activity.InputAmountActivity
ADDED from wari-wari_online\wari-wari_online\AndroidManifest.xml:156:9-159:47
	android:screenOrientation
		ADDED from wari-wari_online\wari-wari_online\AndroidManifest.xml:158:13-49
	android:theme
		ADDED from wari-wari_online\wari-wari_online\AndroidManifest.xml:159:13-44
	android:name
		ADDED from wari-wari_online\wari-wari_online\AndroidManifest.xml:157:13-57
activity#com.wizarpos.emvsample.activity.InputPINActivity
ADDED from wari-wari_online\wari-wari_online\AndroidManifest.xml:160:9-162:52
	android:screenOrientation
		ADDED from wari-wari_online\wari-wari_online\AndroidManifest.xml:162:13-49
	android:name
		ADDED from wari-wari_online\wari-wari_online\AndroidManifest.xml:161:13-54
activity#com.wizarpos.emvsample.activity.ProcessEMVCardActivity
ADDED from wari-wari_online\wari-wari_online\AndroidManifest.xml:168:9-170:52
	android:screenOrientation
		ADDED from wari-wari_online\wari-wari_online\AndroidManifest.xml:170:13-49
	android:name
		ADDED from wari-wari_online\wari-wari_online\AndroidManifest.xml:169:13-60
activity#com.wizarpos.emvsample.activity.ProcessOnlineActivity
ADDED from wari-wari_online\wari-wari_online\AndroidManifest.xml:171:9-174:46
	android:screenOrientation
		ADDED from wari-wari_online\wari-wari_online\AndroidManifest.xml:173:13-49
	android:theme
		ADDED from wari-wari_online\wari-wari_online\AndroidManifest.xml:174:13-43
	android:name
		ADDED from wari-wari_online\wari-wari_online\AndroidManifest.xml:172:13-59
activity#com.wizarpos.emvsample.activity.SelectEMVAppListActivity
ADDED from wari-wari_online\wari-wari_online\AndroidManifest.xml:175:9-177:52
	android:screenOrientation
		ADDED from wari-wari_online\wari-wari_online\AndroidManifest.xml:177:13-49
	android:name
		ADDED from wari-wari_online\wari-wari_online\AndroidManifest.xml:176:13-62
activity#com.wizarpos.emvsample.activity.ShowPBOCCardRecordActivity
ADDED from wari-wari_online\wari-wari_online\AndroidManifest.xml:178:9-180:52
	android:screenOrientation
		ADDED from wari-wari_online\wari-wari_online\AndroidManifest.xml:180:13-49
	android:name
		ADDED from wari-wari_online\wari-wari_online\AndroidManifest.xml:179:13-64
activity#com.wizarpos.emvsample.activity.ShowLastPBOCActivity
ADDED from wari-wari_online\wari-wari_online\AndroidManifest.xml:181:9-183:52
	android:screenOrientation
		ADDED from wari-wari_online\wari-wari_online\AndroidManifest.xml:183:13-49
	android:name
		ADDED from wari-wari_online\wari-wari_online\AndroidManifest.xml:182:13-58
activity#com.wizarpos.emvsample.activity.ShowTransInfoActivity
ADDED from wari-wari_online\wari-wari_online\AndroidManifest.xml:184:9-186:52
	android:screenOrientation
		ADDED from wari-wari_online\wari-wari_online\AndroidManifest.xml:186:13-49
	android:name
		ADDED from wari-wari_online\wari-wari_online\AndroidManifest.xml:185:13-59
activity#com.wizarpos.emvsample.activity.TransResultActivity
ADDED from wari-wari_online\wari-wari_online\AndroidManifest.xml:187:9-189:52
	android:screenOrientation
		ADDED from wari-wari_online\wari-wari_online\AndroidManifest.xml:189:13-49
	android:name